c:\users\buddy\source\repos\livingroomlayouteditor\livingroomlayouteditor\release\vc142.pdb
c:\users\buddy\source\repos\livingroomlayouteditor\livingroomlayouteditor\release\.netframework,version=v4.7.2.assemblyattributes.obj
c:\users\buddy\source\repos\livingroomlayouteditor\livingroomlayouteditor\release\window.obj
c:\users\buddy\source\repos\livingroomlayouteditor\livingroomlayouteditor\release\tv.obj
c:\users\buddy\source\repos\livingroomlayouteditor\livingroomlayouteditor\release\table.obj
c:\users\buddy\source\repos\livingroomlayouteditor\livingroomlayouteditor\release\sofa.obj
c:\users\buddy\source\repos\livingroomlayouteditor\livingroomlayouteditor\release\plant.obj
c:\users\buddy\source\repos\livingroomlayouteditor\livingroomlayouteditor\release\mainform.obj
c:\users\buddy\source\repos\livingroomlayouteditor\livingroomlayouteditor\release\graphicelement.obj
c:\users\buddy\source\repos\livingroomlayouteditor\livingroomlayouteditor\release\drawingfield.obj
c:\users\buddy\source\repos\livingroomlayouteditor\livingroomlayouteditor\release\door.obj
c:\users\buddy\source\repos\livingroomlayouteditor\livingroomlayouteditor\release\armchair.obj
c:\users\buddy\source\repos\livingroomlayouteditor\release\livingroomlayouteditor.exe
c:\users\buddy\source\repos\livingroomlayouteditor\release\livingroomlayouteditor.pdb
c:\users\buddy\source\repos\livingroomlayouteditor\livingroomlayouteditor\release\livingroomlayouteditor.mainform.resources
c:\users\buddy\source\repos\livingroomlayouteditor\livingroomlayouteditor\release\livingro.d2a5bc1f.tlog\cl.command.1.tlog
c:\users\buddy\source\repos\livingroomlayouteditor\livingroomlayouteditor\release\livingro.d2a5bc1f.tlog\cl.read.1.tlog
c:\users\buddy\source\repos\livingroomlayouteditor\livingroomlayouteditor\release\livingro.d2a5bc1f.tlog\cl.write.1.tlog
c:\users\buddy\source\repos\livingroomlayouteditor\livingroomlayouteditor\release\livingro.d2a5bc1f.tlog\link.command.1.tlog
c:\users\buddy\source\repos\livingroomlayouteditor\livingroomlayouteditor\release\livingro.d2a5bc1f.tlog\link.read.1.tlog
c:\users\buddy\source\repos\livingroomlayouteditor\livingroomlayouteditor\release\livingro.d2a5bc1f.tlog\link.write.1.tlog
c:\users\buddy\source\repos\livingroomlayouteditor\livingroomlayouteditor\release\livingro.d2a5bc1f.tlog\livingroomlayouteditor.write.1u.tlog
c:\users\buddy\source\repos\livingroomlayouteditor\livingroomlayouteditor\release\livingro.d2a5bc1f.tlog\metagen.read.1.tlog
c:\users\buddy\source\repos\livingroomlayouteditor\livingroomlayouteditor\release\livingro.d2a5bc1f.tlog\metagen.write.1.tlog
